Python being used:
/Data2/ds_24901720/.conda/envs/fedquant/bin/python3
===============================
FedQuant Training Started
===============================
[1/5] Running Client 2...
`flash-attention` package not found, consider installing for better performance: No module named 'flash_attn'.
Current `flash-attention` does not support `window_size`. Either upgrade or use `attn_implementation='eager'`.
==================================================
CLIENT 2 — Simulated 6GB Phone
==================================================

[Step 1] Loading data...
Loaded 30000 examples

[Step 2] Loading Phi-3-mini in INT4 (compressed)...
Loading checkpoint shards:   0%|          | 0/2 [00:00<?, ?it/s]Loading checkpoint shards:  50%|█████     | 1/2 [00:02<00:02,  2.43s/it]Loading checkpoint shards: 100%|██████████| 2/2 [00:03<00:00,  1.78s/it]Loading checkpoint shards: 100%|██████████| 2/2 [00:03<00:00,  1.88s/it]
You are not running the flash-attention implementation, expect numerical differences.
Model loaded
  GPU RAM used: 0.00 GB

[Step 3] Attaching LoRA adapter...
Trainable parameters: 4,718,592 out of 3,825,798,144

[Step 4] Preparing training data...
30000 examples formatted

[Step 5] Training (1 FL round = 3 steps)...
  Step 1/3 — Loss: 1.6635
  Step 2/3 — Loss: 1.5869
  Step 3/3 — Loss: 1.9740
  Step 4/3 — Loss: 2.3184
  Step 5/3 — Loss: 1.3700
  Step 6/3 — Loss: 2.8644
  Step 7/3 — Loss: 1.9255
  Step 8/3 — Loss: 1.8784
  Step 9/3 — Loss: 1.2561
  Step 10/3 — Loss: 1.5935
  Step 11/3 — Loss: 1.6099
  Step 12/3 — Loss: 2.0774
  Step 13/3 — Loss: 1.7468
  Step 14/3 — Loss: 1.7589
  Step 15/3 — Loss: 1.7940
  Step 16/3 — Loss: 1.0993
  Step 17/3 — Loss: 1.6000
  Step 18/3 — Loss: 1.1589
  Step 19/3 — Loss: 1.2917
  Step 20/3 — Loss: 1.2040
  Step 21/3 — Loss: 0.9357
  Step 22/3 — Loss: 1.2821
  Step 23/3 — Loss: 1.2043
  Step 24/3 — Loss: 1.6680
  Step 25/3 — Loss: 1.1388
  Step 26/3 — Loss: 1.0243
  Step 27/3 — Loss: 2.1730
  Step 28/3 — Loss: 2.2171
  Step 29/3 — Loss: 0.9564
  Step 30/3 — Loss: 1.3570
  Step 31/3 — Loss: 1.8678
  Step 32/3 — Loss: 0.7392
  Step 33/3 — Loss: 1.1359
  Step 34/3 — Loss: 1.1625
  Step 35/3 — Loss: 1.0680
  Step 36/3 — Loss: 2.2407
  Step 37/3 — Loss: 1.5869
  Step 38/3 — Loss: 0.8449
  Step 39/3 — Loss: 1.7244
  Step 40/3 — Loss: 0.6860
  Step 41/3 — Loss: 1.4759
  Step 42/3 — Loss: 0.6282
  Step 43/3 — Loss: 1.2810
  Step 44/3 — Loss: 1.0860
  Step 45/3 — Loss: 1.2450
  Step 46/3 — Loss: 0.8355
  Step 47/3 — Loss: 3.4412
  Step 48/3 — Loss: 2.6518
  Step 49/3 — Loss: 0.6063
  Step 50/3 — Loss: 0.6139
  Step 51/3 — Loss: 2.3232
  Step 52/3 — Loss: 2.4148
  Step 53/3 — Loss: 1.4631
  Step 54/3 — Loss: 1.4636
  Step 55/3 — Loss: 0.8744
  Step 56/3 — Loss: 1.0233
  Step 57/3 — Loss: 1.8346
  Step 58/3 — Loss: 0.9978
  Step 59/3 — Loss: 0.9001
  Step 60/3 — Loss: 0.5679
  Step 61/3 — Loss: 1.6582
  Step 62/3 — Loss: 1.6377
  Step 63/3 — Loss: 0.9648
  Step 64/3 — Loss: 1.3394
  Step 65/3 — Loss: 1.7888
  Step 66/3 — Loss: 1.2985
  Step 67/3 — Loss: 1.5598
  Step 68/3 — Loss: 0.5980
  Step 69/3 — Loss: 2.3385
  Step 70/3 — Loss: 1.2235
  Step 71/3 — Loss: 1.3465
  Step 72/3 — Loss: 0.3546
  Step 73/3 — Loss: 2.5423
  Step 74/3 — Loss: 0.7337
  Step 75/3 — Loss: 1.0622
  Step 76/3 — Loss: 1.3625
  Step 77/3 — Loss: 1.2430
  Step 78/3 — Loss: 0.6626
  Step 79/3 — Loss: 2.1552
  Step 80/3 — Loss: 1.1448
  Step 81/3 — Loss: 2.4335
  Step 82/3 — Loss: 1.7159
  Step 83/3 — Loss: 3.0097
  Step 84/3 — Loss: 1.5988
  Step 85/3 — Loss: 0.6948
  Step 86/3 — Loss: 1.0717
  Step 87/3 — Loss: 1.5949
  Step 88/3 — Loss: 1.4756
  Step 89/3 — Loss: 0.7622
  Step 90/3 — Loss: 0.8564
  Step 91/3 — Loss: 0.9805
  Step 92/3 — Loss: 0.7748
  Step 93/3 — Loss: 1.4984
  Step 94/3 — Loss: 2.2718
  Step 95/3 — Loss: 2.1447
  Step 96/3 — Loss: 2.0512
  Step 97/3 — Loss: 0.5529
  Step 98/3 — Loss: 2.4025
  Step 99/3 — Loss: 1.2189
  Step 100/3 — Loss: 0.9608
  Step 101/3 — Loss: 1.4345
  Step 102/3 — Loss: 1.8838
  Step 103/3 — Loss: 0.4772
  Step 104/3 — Loss: 2.2570
  Step 105/3 — Loss: 0.9831
  Step 106/3 — Loss: 1.2584
  Step 107/3 — Loss: 1.1075
  Step 108/3 — Loss: 0.9699
  Step 109/3 — Loss: 0.5891
  Step 110/3 — Loss: 1.7451
  Step 111/3 — Loss: 1.1474
  Step 112/3 — Loss: 0.9620
  Step 113/3 — Loss: 0.7552
  Step 114/3 — Loss: 0.5467
  Step 115/3 — Loss: 1.7609
  Step 116/3 — Loss: 2.6314
  Step 117/3 — Loss: 1.5373
  Step 118/3 — Loss: 1.4609
  Step 119/3 — Loss: 2.6404
  Step 120/3 — Loss: 1.2105
  Step 121/3 — Loss: 0.8289
  Step 122/3 — Loss: 0.7584
  Step 123/3 — Loss: 1.0141
  Step 124/3 — Loss: 1.9816
  Step 125/3 — Loss: 0.6722
  Step 126/3 — Loss: 1.7246
  Step 127/3 — Loss: 1.1745
  Step 128/3 — Loss: 0.7146
  Step 129/3 — Loss: 0.8878
  Step 130/3 — Loss: 1.4016
  Step 131/3 — Loss: 1.0689
  Step 132/3 — Loss: 1.7842
  Step 133/3 — Loss: 1.1575
  Step 134/3 — Loss: 1.1363
  Step 135/3 — Loss: 1.2246
  Step 136/3 — Loss: 0.7882
  Step 137/3 — Loss: 0.6190
  Step 138/3 — Loss: 1.6456
  Step 139/3 — Loss: 0.8088
  Step 140/3 — Loss: 3.1602
  Step 141/3 — Loss: 1.0539
  Step 142/3 — Loss: 1.6243
  Step 143/3 — Loss: 0.6808
  Step 144/3 — Loss: 1.6152
  Step 145/3 — Loss: 1.2541
  Step 146/3 — Loss: 0.9075
  Step 147/3 — Loss: 2.8168
  Step 148/3 — Loss: 0.9974
  Step 149/3 — Loss: 2.5134
  Step 150/3 — Loss: 2.0627
  Step 151/3 — Loss: 1.1024
  Step 152/3 — Loss: 1.2028
  Step 153/3 — Loss: 0.6173
  Step 154/3 — Loss: 1.1658
  Step 155/3 — Loss: 0.9356
  Step 156/3 — Loss: 0.5160
  Step 157/3 — Loss: 0.7541
  Step 158/3 — Loss: 0.5000
  Step 159/3 — Loss: 1.9013
  Step 160/3 — Loss: 1.3591
  Step 161/3 — Loss: 2.6649
  Step 162/3 — Loss: 1.4094
  Step 163/3 — Loss: 1.1433
  Step 164/3 — Loss: 0.8857
  Step 165/3 — Loss: 0.9206
  Step 166/3 — Loss: 1.4548
  Step 167/3 — Loss: 0.7127
  Step 168/3 — Loss: 1.3065
  Step 169/3 — Loss: 1.6530
  Step 170/3 — Loss: 0.6036
  Step 171/3 — Loss: 1.0571
  Step 172/3 — Loss: 0.6343
  Step 173/3 — Loss: 1.1225
  Step 174/3 — Loss: 1.2909
  Step 175/3 — Loss: 0.9127
  Step 176/3 — Loss: 0.7952
  Step 177/3 — Loss: 0.7697
  Step 178/3 — Loss: 0.8751
  Step 179/3 — Loss: 0.9660
  Step 180/3 — Loss: 0.6922
  Step 181/3 — Loss: 1.1795
  Step 182/3 — Loss: 1.1569
  Step 183/3 — Loss: 1.5500
  Step 184/3 — Loss: 0.8341
  Step 185/3 — Loss: 0.5181
  Step 186/3 — Loss: 0.9203
  Step 187/3 — Loss: 1.8767
  Step 188/3 — Loss: 1.0307
  Step 189/3 — Loss: 0.4565
  Step 190/3 — Loss: 1.2053
  Step 191/3 — Loss: 0.8941
  Step 192/3 — Loss: 0.6283
  Step 193/3 — Loss: 1.0163
  Step 194/3 — Loss: 1.0641
  Step 195/3 — Loss: 1.1507
  Step 196/3 — Loss: 1.1911
  Step 197/3 — Loss: 0.8022
  Step 198/3 — Loss: 0.9235
  Step 199/3 — Loss: 1.1271
  Step 200/3 — Loss: 0.9092

[Step 6] Saving LoRA adapter...
Saved to ./results/adapters/client2

==================================================
CLIENT 2 DONE — Adapter ready to send to server
==================================================
[2/5] Running Client 3...
`flash-attention` package not found, consider installing for better performance: No module named 'flash_attn'.
Current `flash-attention` does not support `window_size`. Either upgrade or use `attn_implementation='eager'`.
CLIENT 3 — Simulated 6GB Phone

[Step 1] Loading data...
Loaded 13000 examples

[Step 2] Loading Phi-3-mini in INT4 (compressed)...
Loading checkpoint shards:   0%|          | 0/2 [00:00<?, ?it/s]Loading checkpoint shards:  50%|█████     | 1/2 [00:02<00:02,  2.45s/it]Loading checkpoint shards: 100%|██████████| 2/2 [00:03<00:00,  1.78s/it]Loading checkpoint shards: 100%|██████████| 2/2 [00:03<00:00,  1.88s/it]
You are not running the flash-attention implementation, expect numerical differences.
Model loaded
  GPU RAM used: 0.00 GB

[Step 3] Attaching LoRA adapter...
Trainable parameters: 4,718,592 out of 3,825,798,144

[Step 4] Preparing training data...
13000 examples formatted

[Step 5] Training (1 FL round = 3 steps)...
  Step 1/3 — Loss: 1.7154
  Step 2/3 — Loss: 1.6494
  Step 3/3 — Loss: 1.5397
  Step 4/3 — Loss: 1.7362
  Step 5/3 — Loss: 1.3275
  Step 6/3 — Loss: 1.6726
  Step 7/3 — Loss: 1.3887
  Step 8/3 — Loss: 1.4128
  Step 9/3 — Loss: 1.1907
  Step 10/3 — Loss: 1.2274
  Step 11/3 — Loss: 1.1244
  Step 12/3 — Loss: 1.0772
  Step 13/3 — Loss: 1.0106
  Step 14/3 — Loss: 0.8907
  Step 15/3 — Loss: 0.9763
  Step 16/3 — Loss: 0.7422
  Step 17/3 — Loss: 0.5641
  Step 18/3 — Loss: 1.0771
  Step 19/3 — Loss: 0.5653
  Step 20/3 — Loss: 0.8129
  Step 21/3 — Loss: 0.7758
  Step 22/3 — Loss: 0.5673
  Step 23/3 — Loss: 0.9037
  Step 24/3 — Loss: 0.4211
  Step 25/3 — Loss: 0.5937
  Step 26/3 — Loss: 0.8536
  Step 27/3 — Loss: 0.4391
  Step 28/3 — Loss: 0.5577
  Step 29/3 — Loss: 0.5477
  Step 30/3 — Loss: 0.5646
  Step 31/3 — Loss: 0.5489
  Step 32/3 — Loss: 0.8438
  Step 33/3 — Loss: 0.4600
  Step 34/3 — Loss: 0.4136
  Step 35/3 — Loss: 0.3407
  Step 36/3 — Loss: 0.4319
  Step 37/3 — Loss: 0.3967
  Step 38/3 — Loss: 0.5391
  Step 39/3 — Loss: 0.5014
  Step 40/3 — Loss: 0.3702
  Step 41/3 — Loss: 1.0174
  Step 42/3 — Loss: 0.3959
  Step 43/3 — Loss: 0.4619
  Step 44/3 — Loss: 0.3896
  Step 45/3 — Loss: 0.3704
  Step 46/3 — Loss: 0.6517
  Step 47/3 — Loss: 0.3553
  Step 48/3 — Loss: 0.3012
  Step 49/3 — Loss: 0.2981
  Step 50/3 — Loss: 0.3564
  Step 51/3 — Loss: 0.3204
  Step 52/3 — Loss: 0.3161
  Step 53/3 — Loss: 0.3249
  Step 54/3 — Loss: 0.3896
  Step 55/3 — Loss: 0.3633
  Step 56/3 — Loss: 0.3233
  Step 57/3 — Loss: 0.2697
  Step 58/3 — Loss: 0.4830
  Step 59/3 — Loss: 0.4306
  Step 60/3 — Loss: 0.3878
  Step 61/3 — Loss: 0.3473
  Step 62/3 — Loss: 0.2449
  Step 63/3 — Loss: 0.5064
  Step 64/3 — Loss: 0.2250
  Step 65/3 — Loss: 0.2897
  Step 66/3 — Loss: 0.3113
  Step 67/3 — Loss: 0.3313
  Step 68/3 — Loss: 0.2847
  Step 69/3 — Loss: 0.2255
  Step 70/3 — Loss: 0.2980
  Step 71/3 — Loss: 0.4219
  Step 72/3 — Loss: 0.3304
  Step 73/3 — Loss: 0.7812
  Step 74/3 — Loss: 0.4825
  Step 75/3 — Loss: 0.6442
  Step 76/3 — Loss: 0.3814
  Step 77/3 — Loss: 0.3195
  Step 78/3 — Loss: 0.7679
  Step 79/3 — Loss: 0.5228
  Step 80/3 — Loss: 0.5974
  Step 81/3 — Loss: 0.5351
  Step 82/3 — Loss: 0.2368
  Step 83/3 — Loss: 0.3701
  Step 84/3 — Loss: 0.4522
  Step 85/3 — Loss: 0.2701
  Step 86/3 — Loss: 0.3840
  Step 87/3 — Loss: 0.2867
  Step 88/3 — Loss: 0.5039
  Step 89/3 — Loss: 0.2884
  Step 90/3 — Loss: 0.3801
  Step 91/3 — Loss: 0.3515
  Step 92/3 — Loss: 0.2662
  Step 93/3 — Loss: 0.5388
  Step 94/3 — Loss: 0.7761
  Step 95/3 — Loss: 0.4695
  Step 96/3 — Loss: 0.3907
  Step 97/3 — Loss: 0.3895
  Step 98/3 — Loss: 0.3437
  Step 99/3 — Loss: 0.3276
  Step 100/3 — Loss: 0.2708
  Step 101/3 — Loss: 0.4076
  Step 102/3 — Loss: 0.2388
  Step 103/3 — Loss: 0.5731
  Step 104/3 — Loss: 0.3810
  Step 105/3 — Loss: 0.3054
  Step 106/3 — Loss: 0.2884
  Step 107/3 — Loss: 0.5349
  Step 108/3 — Loss: 0.2840
  Step 109/3 — Loss: 0.2046
  Step 110/3 — Loss: 0.3151
  Step 111/3 — Loss: 0.3624
  Step 112/3 — Loss: 0.3729
  Step 113/3 — Loss: 0.5428
  Step 114/3 — Loss: 0.7226
  Step 115/3 — Loss: 0.5993
  Step 116/3 — Loss: 0.2335
  Step 117/3 — Loss: 0.1967
  Step 118/3 — Loss: 0.2372
  Step 119/3 — Loss: 0.1946
  Step 120/3 — Loss: 0.3249
  Step 121/3 — Loss: 0.5872
  Step 122/3 — Loss: 0.3339
  Step 123/3 — Loss: 0.4828
  Step 124/3 — Loss: 0.2325
  Step 125/3 — Loss: 0.3763
  Step 126/3 — Loss: 0.4999
  Step 127/3 — Loss: 0.3970
  Step 128/3 — Loss: 0.2100
  Step 129/3 — Loss: 0.3474
  Step 130/3 — Loss: 0.2838
  Step 131/3 — Loss: 0.3420
  Step 132/3 — Loss: 0.2956
  Step 133/3 — Loss: 0.2414
  Step 134/3 — Loss: 0.2876
  Step 135/3 — Loss: 0.4373
  Step 136/3 — Loss: 0.2810
  Step 137/3 — Loss: 0.2751
  Step 138/3 — Loss: 0.3143
  Step 139/3 — Loss: 0.3144
  Step 140/3 — Loss: 0.4047
  Step 141/3 — Loss: 0.2385
  Step 142/3 — Loss: 0.5096
  Step 143/3 — Loss: 0.3815
  Step 144/3 — Loss: 0.2591
  Step 145/3 — Loss: 0.2513
  Step 146/3 — Loss: 0.2633
  Step 147/3 — Loss: 0.3156
  Step 148/3 — Loss: 0.2654
  Step 149/3 — Loss: 0.2064
  Step 150/3 — Loss: 0.3248
  Step 151/3 — Loss: 0.6580
  Step 152/3 — Loss: 0.4682
  Step 153/3 — Loss: 0.3082
  Step 154/3 — Loss: 0.2881
  Step 155/3 — Loss: 0.3829
  Step 156/3 — Loss: 0.1971
  Step 157/3 — Loss: 0.2983
  Step 158/3 — Loss: 0.3424
  Step 159/3 — Loss: 0.3156
  Step 160/3 — Loss: 0.3658
  Step 161/3 — Loss: 0.4295
  Step 162/3 — Loss: 0.5341
  Step 163/3 — Loss: 0.4080
  Step 164/3 — Loss: 0.3936
  Step 165/3 — Loss: 0.3014
  Step 166/3 — Loss: 0.2925
  Step 167/3 — Loss: 0.2633
  Step 168/3 — Loss: 0.5057
  Step 169/3 — Loss: 0.4013
  Step 170/3 — Loss: 0.3632
  Step 171/3 — Loss: 0.2998
  Step 172/3 — Loss: 0.3552
  Step 173/3 — Loss: 0.4932
  Step 174/3 — Loss: 0.3748
  Step 175/3 — Loss: 0.3136
  Step 176/3 — Loss: 0.4125
  Step 177/3 — Loss: 0.2985
  Step 178/3 — Loss: 0.3215
  Step 179/3 — Loss: 0.5622
  Step 180/3 — Loss: 0.4403
  Step 181/3 — Loss: 0.2193
  Step 182/3 — Loss: 0.3451
  Step 183/3 — Loss: 0.2653
  Step 184/3 — Loss: 0.3228
  Step 185/3 — Loss: 0.4058
  Step 186/3 — Loss: 0.2496
  Step 187/3 — Loss: 0.4162
  Step 188/3 — Loss: 0.2338
  Step 189/3 — Loss: 0.2238
  Step 190/3 — Loss: 0.3604
  Step 191/3 — Loss: 0.3233
  Step 192/3 — Loss: 0.2151
  Step 193/3 — Loss: 0.5056
  Step 194/3 — Loss: 0.1978
  Step 195/3 — Loss: 0.2466
  Step 196/3 — Loss: 0.3112
  Step 197/3 — Loss: 0.1913
  Step 198/3 — Loss: 0.8136
  Step 199/3 — Loss: 0.2095
  Step 200/3 — Loss: 0.3672

[Step 6] Saving LoRA adapter...
Saved to ./results/adapters/client3
CLIENT 3 DONE — Adapter ready to send to server
[3/5] Running Client 4...
`flash-attention` package not found, consider installing for better performance: No module named 'flash_attn'.
Current `flash-attention` does not support `window_size`. Either upgrade or use `attn_implementation='eager'`.
CLIENT 4 — Simulated 8GB Phone

[Step 1] Loading data...
Loaded 8000 examples

[Step 2] Loading Phi-3-mini in INT4 (compressed)...
  Note: Client 4 uses 8GB RAM limit (medium tier phone)
Loading checkpoint shards:   0%|          | 0/2 [00:00<?, ?it/s]Loading checkpoint shards:  50%|█████     | 1/2 [00:02<00:02,  2.46s/it]Loading checkpoint shards: 100%|██████████| 2/2 [00:03<00:00,  1.78s/it]Loading checkpoint shards: 100%|██████████| 2/2 [00:03<00:00,  1.89s/it]
You are not running the flash-attention implementation, expect numerical differences.
Model loaded
  GPU RAM used: 0.00 GB
  RAM limit: 8GB (simulating medium tier phone)

[Step 3] Attaching LoRA adapter...
Trainable parameters: 9,437,184 out of 3,830,516,736

[Step 4] Preparing training data...
8000 examples formatted

[Step 5] Training (1 FL round = 3 steps)...
  Step 1/3 — Loss: 1.7394
  Step 2/3 — Loss: 2.1332
  Step 3/3 — Loss: 1.4044
  Step 4/3 — Loss: 1.7671
  Step 5/3 — Loss: 1.5963
  Step 6/3 — Loss: 1.7518
  Step 7/3 — Loss: 1.5258
  Step 8/3 — Loss: 1.6040
  Step 9/3 — Loss: 1.6130
  Step 10/3 — Loss: 1.2127
  Step 11/3 — Loss: 0.9411
  Step 12/3 — Loss: 1.1226
  Step 13/3 — Loss: 1.2592
  Step 14/3 — Loss: 0.9243
  Step 15/3 — Loss: 1.1395
  Step 16/3 — Loss: 0.8364
  Step 17/3 — Loss: 0.5992
  Step 18/3 — Loss: 0.7610
  Step 19/3 — Loss: 1.1006
  Step 20/3 — Loss: 0.7039
  Step 21/3 — Loss: 0.8177
  Step 22/3 — Loss: 0.7816
  Step 23/3 — Loss: 0.6394
  Step 24/3 — Loss: 0.6180
  Step 25/3 — Loss: 0.7959
  Step 26/3 — Loss: 0.7061
  Step 27/3 — Loss: 0.6044
  Step 28/3 — Loss: 0.5609
  Step 29/3 — Loss: 0.5327
  Step 30/3 — Loss: 0.5661
  Step 31/3 — Loss: 0.5748
  Step 32/3 — Loss: 0.5106
  Step 33/3 — Loss: 0.5298
  Step 34/3 — Loss: 0.5137
  Step 35/3 — Loss: 0.4198
  Step 36/3 — Loss: 0.5045
  Step 37/3 — Loss: 0.8525
  Step 38/3 — Loss: 0.7135
  Step 39/3 — Loss: 0.4928
  Step 40/3 — Loss: 0.4116
  Step 41/3 — Loss: 0.9259
  Step 42/3 — Loss: 0.5784
  Step 43/3 — Loss: 0.3828
  Step 44/3 — Loss: 0.3813
  Step 45/3 — Loss: 0.5586
  Step 46/3 — Loss: 0.3922
  Step 47/3 — Loss: 0.5649
  Step 48/3 — Loss: 0.4431
  Step 49/3 — Loss: 0.7730
  Step 50/3 — Loss: 0.5046
  Step 51/3 — Loss: 1.1469
  Step 52/3 — Loss: 0.5624
  Step 53/3 — Loss: 0.4599
  Step 54/3 — Loss: 0.5476
  Step 55/3 — Loss: 0.6243
  Step 56/3 — Loss: 0.4488
  Step 57/3 — Loss: 0.5442
  Step 58/3 — Loss: 0.5649
  Step 59/3 — Loss: 0.3305
  Step 60/3 — Loss: 0.5312
  Step 61/3 — Loss: 0.5715
  Step 62/3 — Loss: 0.5272
  Step 63/3 — Loss: 0.4182
  Step 64/3 — Loss: 0.5659
  Step 65/3 — Loss: 0.5303
  Step 66/3 — Loss: 1.0398
  Step 67/3 — Loss: 1.1819
  Step 68/3 — Loss: 0.3681
  Step 69/3 — Loss: 1.0124
  Step 70/3 — Loss: 0.4149
  Step 71/3 — Loss: 0.4327
  Step 72/3 — Loss: 1.0710
  Step 73/3 — Loss: 0.4245
  Step 74/3 — Loss: 0.5373
  Step 75/3 — Loss: 0.5596
  Step 76/3 — Loss: 0.6401
  Step 77/3 — Loss: 0.7589
  Step 78/3 — Loss: 0.4356
  Step 79/3 — Loss: 0.4175
  Step 80/3 — Loss: 0.3545
  Step 81/3 — Loss: 0.3702
  Step 82/3 — Loss: 0.5298
  Step 83/3 — Loss: 0.3681
  Step 84/3 — Loss: 0.6767
  Step 85/3 — Loss: 1.0829
  Step 86/3 — Loss: 0.5740
  Step 87/3 — Loss: 0.4900
  Step 88/3 — Loss: 0.3637
  Step 89/3 — Loss: 0.8056
  Step 90/3 — Loss: 0.5056
  Step 91/3 — Loss: 0.3517
  Step 92/3 — Loss: 0.6231
  Step 93/3 — Loss: 0.4284
  Step 94/3 — Loss: 0.4629
  Step 95/3 — Loss: 0.4365
  Step 96/3 — Loss: 0.8350
  Step 97/3 — Loss: 0.4639
  Step 98/3 — Loss: 0.8699
  Step 99/3 — Loss: 0.4858
  Step 100/3 — Loss: 0.3761
  Step 101/3 — Loss: 0.7478
  Step 102/3 — Loss: 0.5065
  Step 103/3 — Loss: 0.9191
  Step 104/3 — Loss: 0.4358
  Step 105/3 — Loss: 0.4014
  Step 106/3 — Loss: 0.6000
  Step 107/3 — Loss: 0.5708
  Step 108/3 — Loss: 0.5867
  Step 109/3 — Loss: 0.3473
  Step 110/3 — Loss: 0.6402
  Step 111/3 — Loss: 0.4027
  Step 112/3 — Loss: 0.5172
  Step 113/3 — Loss: 0.9778
  Step 114/3 — Loss: 0.5350
  Step 115/3 — Loss: 0.4659
  Step 116/3 — Loss: 0.4291
  Step 117/3 — Loss: 0.3633
  Step 118/3 — Loss: 0.4280
  Step 119/3 — Loss: 0.6672
  Step 120/3 — Loss: 0.3479
  Step 121/3 — Loss: 0.5813
  Step 122/3 — Loss: 0.5488
  Step 123/3 — Loss: 0.3510
  Step 124/3 — Loss: 1.0124
  Step 125/3 — Loss: 0.3887
  Step 126/3 — Loss: 0.7626
  Step 127/3 — Loss: 0.4350
  Step 128/3 — Loss: 0.8061
  Step 129/3 — Loss: 0.6237
  Step 130/3 — Loss: 0.4867
  Step 131/3 — Loss: 0.3628
  Step 132/3 — Loss: 0.5555
  Step 133/3 — Loss: 0.8129
  Step 134/3 — Loss: 0.3800
  Step 135/3 — Loss: 0.5457
  Step 136/3 — Loss: 0.3241
  Step 137/3 — Loss: 0.4029
  Step 138/3 — Loss: 0.4811
  Step 139/3 — Loss: 0.3323
  Step 140/3 — Loss: 0.4055
  Step 141/3 — Loss: 0.3395
  Step 142/3 — Loss: 0.4032
  Step 143/3 — Loss: 0.3964
  Step 144/3 — Loss: 0.4863
  Step 145/3 — Loss: 0.4781
  Step 146/3 — Loss: 0.3214
  Step 147/3 — Loss: 0.6094
  Step 148/3 — Loss: 0.7024
  Step 149/3 — Loss: 0.2868
  Step 150/3 — Loss: 0.3001
  Step 151/3 — Loss: 0.6643
  Step 152/3 — Loss: 0.3922
  Step 153/3 — Loss: 0.3929
  Step 154/3 — Loss: 0.2961
  Step 155/3 — Loss: 0.6216
  Step 156/3 — Loss: 0.3216
  Step 157/3 — Loss: 0.5225
  Step 158/3 — Loss: 0.3289
  Step 159/3 — Loss: 0.2934
  Step 160/3 — Loss: 0.6221
  Step 161/3 — Loss: 0.3036
  Step 162/3 — Loss: 0.6332
  Step 163/3 — Loss: 0.4744
  Step 164/3 — Loss: 0.3774
  Step 165/3 — Loss: 0.8343
  Step 166/3 — Loss: 0.3047
  Step 167/3 — Loss: 0.6553
  Step 168/3 — Loss: 0.4704
  Step 169/3 — Loss: 0.2934
  Step 170/3 — Loss: 0.3187
  Step 171/3 — Loss: 0.3025
  Step 172/3 — Loss: 0.3137
  Step 173/3 — Loss: 0.6231
  Step 174/3 — Loss: 0.5241
  Step 175/3 — Loss: 0.4167
  Step 176/3 — Loss: 0.5305
  Step 177/3 — Loss: 0.6593
  Step 178/3 — Loss: 0.5561
  Step 179/3 — Loss: 0.6288
  Step 180/3 — Loss: 0.5884
  Step 181/3 — Loss: 0.4272
  Step 182/3 — Loss: 0.5948
  Step 183/3 — Loss: 0.3737
  Step 184/3 — Loss: 0.4043
  Step 185/3 — Loss: 0.4300
  Step 186/3 — Loss: 0.4988
  Step 187/3 — Loss: 0.4377
  Step 188/3 — Loss: 0.6409
  Step 189/3 — Loss: 0.3740
  Step 190/3 — Loss: 0.5072
  Step 191/3 — Loss: 0.4268
  Step 192/3 — Loss: 0.3798
  Step 193/3 — Loss: 0.3591
  Step 194/3 — Loss: 0.5138
  Step 195/3 — Loss: 0.4102
  Step 196/3 — Loss: 0.6178
  Step 197/3 — Loss: 0.3730
  Step 198/3 — Loss: 0.2906
  Step 199/3 — Loss: 0.3987
  Step 200/3 — Loss: 0.3087

[Step 6] Saving LoRA adapter...
  Saved to ./results/adapters/client4
CLIENT 4 DONE — Adapter ready to send to server
[4/5] Running Client 5...
`flash-attention` package not found, consider installing for better performance: No module named 'flash_attn'.
Current `flash-attention` does not support `window_size`. Either upgrade or use `attn_implementation='eager'`.
CLIENT 5 — Simulated 12GB Phone

[Step 1] Loading data...
Loaded 13999 examples

[Step 2] Loading Phi-3-mini in INT4 (compressed)...
  Note: Client 5 uses 12GB RAM limit (high tier phone)
Loading checkpoint shards:   0%|          | 0/2 [00:00<?, ?it/s]Loading checkpoint shards:  50%|█████     | 1/2 [00:02<00:02,  2.46s/it]Loading checkpoint shards: 100%|██████████| 2/2 [00:03<00:00,  1.79s/it]Loading checkpoint shards: 100%|██████████| 2/2 [00:03<00:00,  1.89s/it]
You are not running the flash-attention implementation, expect numerical differences.
Model loaded
  GPU RAM used: 0.00 GB
  Simulating: 12GB high tier phone

[Step 3] Attaching LoRA adapter...
Trainable parameters: 18,874,368 out of 3,839,953,920

[Step 4] Preparing training data...
13999 examples formatted

[Step 5] Training (1 FL round = 3 steps)...
Step 1/3 — Loss: 1.8924
Step 2/3 — Loss: 1.7752
Step 3/3 — Loss: 1.6729
Step 4/3 — Loss: 1.4040
Step 5/3 — Loss: 1.1261
Step 6/3 — Loss: 0.9698
Step 7/3 — Loss: 0.8220
Step 8/3 — Loss: 0.7864
Step 9/3 — Loss: 0.7006
Step 10/3 — Loss: 0.5642
Step 11/3 — Loss: 0.5201
Step 12/3 — Loss: 0.4582
Step 13/3 — Loss: 0.5862
Step 14/3 — Loss: 0.5216
Step 15/3 — Loss: 0.4253
Step 16/3 — Loss: 0.4319
Step 17/3 — Loss: 0.3529
Step 18/3 — Loss: 0.3621
Step 19/3 — Loss: 0.3218
Step 20/3 — Loss: 0.3125
Step 21/3 — Loss: 0.2550
Step 22/3 — Loss: 0.2777
Step 23/3 — Loss: 0.2652
Step 24/3 — Loss: 0.1873
Step 25/3 — Loss: 0.2341
Step 26/3 — Loss: 0.2541
Step 27/3 — Loss: 0.3419
Step 28/3 — Loss: 0.2801
Step 29/3 — Loss: 0.2369
Step 30/3 — Loss: 0.3120
Step 31/3 — Loss: 0.2243
Step 32/3 — Loss: 0.2130
Step 33/3 — Loss: 0.1982
Step 34/3 — Loss: 0.2848
Step 35/3 — Loss: 0.2414
Step 36/3 — Loss: 0.2193
Step 37/3 — Loss: 0.2459
Step 38/3 — Loss: 0.2827
Step 39/3 — Loss: 0.2609
Step 40/3 — Loss: 0.2265
Step 41/3 — Loss: 0.1935
Step 42/3 — Loss: 0.1943
Step 43/3 — Loss: 0.2116
Step 44/3 — Loss: 0.1935
Step 45/3 — Loss: 0.1924
Step 46/3 — Loss: 0.2244
Step 47/3 — Loss: 0.1869
Step 48/3 — Loss: 0.2198
Step 49/3 — Loss: 0.2082
Step 50/3 — Loss: 0.1950
Step 51/3 — Loss: 0.1887
Step 52/3 — Loss: 0.2084
Step 53/3 — Loss: 0.2068
Step 54/3 — Loss: 0.1845
Step 55/3 — Loss: 0.1679
Step 56/3 — Loss: 0.1452
Step 57/3 — Loss: 0.1735
Step 58/3 — Loss: 0.2735
Step 59/3 — Loss: 0.2244
Step 60/3 — Loss: 0.1996
Step 61/3 — Loss: 0.2118
Step 62/3 — Loss: 0.1751
Step 63/3 — Loss: 0.1666
Step 64/3 — Loss: 0.1568
Step 65/3 — Loss: 0.1984
Step 66/3 — Loss: 0.2087
Step 67/3 — Loss: 0.1762
Step 68/3 — Loss: 0.1538
Step 69/3 — Loss: 0.2233
Step 70/3 — Loss: 0.1729
Step 71/3 — Loss: 0.1281
Step 72/3 — Loss: 0.1552
Step 73/3 — Loss: 0.1329
Step 74/3 — Loss: 0.1919
Step 75/3 — Loss: 0.1717
Step 76/3 — Loss: 0.2136
Step 77/3 — Loss: 0.1913
Step 78/3 — Loss: 0.2194
Step 79/3 — Loss: 0.1109
Step 80/3 — Loss: 0.1619
Step 81/3 — Loss: 0.2001
Step 82/3 — Loss: 0.1764
Step 83/3 — Loss: 0.2055
Step 84/3 — Loss: 0.1460
Step 85/3 — Loss: 0.2048
Step 86/3 — Loss: 0.1540
Step 87/3 — Loss: 0.2123
Step 88/3 — Loss: 0.1703
Step 89/3 — Loss: 0.1521
Step 90/3 — Loss: 0.1991
Step 91/3 — Loss: 0.2214
Step 92/3 — Loss: 0.1892
Step 93/3 — Loss: 0.1949
Step 94/3 — Loss: 0.1573
Step 95/3 — Loss: 0.2129
Step 96/3 — Loss: 0.1509
Step 97/3 — Loss: 0.1440
Step 98/3 — Loss: 0.1560
Step 99/3 — Loss: 0.1714
Step 100/3 — Loss: 0.1273
Step 101/3 — Loss: 0.1888
Step 102/3 — Loss: 0.1391
Step 103/3 — Loss: 0.1402
Step 104/3 — Loss: 0.1362
Step 105/3 — Loss: 0.1690
Step 106/3 — Loss: 0.1525
Step 107/3 — Loss: 0.1744
Step 108/3 — Loss: 0.1910
Step 109/3 — Loss: 0.0967
Step 110/3 — Loss: 0.1673
Step 111/3 — Loss: 0.1867
Step 112/3 — Loss: 0.2360
Step 113/3 — Loss: 0.1545
Step 114/3 — Loss: 0.1167
Step 115/3 — Loss: 0.1202
Step 116/3 — Loss: 0.1541
Step 117/3 — Loss: 0.1087
Step 118/3 — Loss: 0.1866
Step 119/3 — Loss: 0.1886
Step 120/3 — Loss: 0.1670
Step 121/3 — Loss: 0.2012
Step 122/3 — Loss: 0.1059
Step 123/3 — Loss: 0.1039
Step 124/3 — Loss: 0.0713
Step 125/3 — Loss: 0.1374
Step 126/3 — Loss: 0.1053
Step 127/3 — Loss: 0.1219
Step 128/3 — Loss: 0.1380
Step 129/3 — Loss: 0.1077
Step 130/3 — Loss: 0.1498
Step 131/3 — Loss: 0.0909
Step 132/3 — Loss: 0.1727
Step 133/3 — Loss: 0.1132
Step 134/3 — Loss: 0.1617
Step 135/3 — Loss: 0.1502
Step 136/3 — Loss: 0.1169
Step 137/3 — Loss: 0.1207
Step 138/3 — Loss: 0.0954
Step 139/3 — Loss: 0.0866
Step 140/3 — Loss: 0.0949
Step 141/3 — Loss: 0.1287
Step 142/3 — Loss: 0.0911
Step 143/3 — Loss: 0.1012
Step 144/3 — Loss: 0.1637
Step 145/3 — Loss: 0.1203
Step 146/3 — Loss: 0.1295
Step 147/3 — Loss: 0.1603
Step 148/3 — Loss: 0.1344
Step 149/3 — Loss: 0.1224
Step 150/3 — Loss: 0.1277
Step 151/3 — Loss: 0.0872
Step 152/3 — Loss: 0.1069
Step 153/3 — Loss: 0.0947
Step 154/3 — Loss: 0.1051
Step 155/3 — Loss: 0.2261
Step 156/3 — Loss: 0.1545
Step 157/3 — Loss: 0.1549
Step 158/3 — Loss: 0.1278
Step 159/3 — Loss: 0.1118
Step 160/3 — Loss: 0.1349
Step 161/3 — Loss: 0.1191
Step 162/3 — Loss: 0.0972
Step 163/3 — Loss: 0.1474
Step 164/3 — Loss: 0.1236
Step 165/3 — Loss: 0.1075
Step 166/3 — Loss: 0.1477
Step 167/3 — Loss: 0.1855
Step 168/3 — Loss: 0.1212
Step 169/3 — Loss: 0.1009
Step 170/3 — Loss: 0.1141
Step 171/3 — Loss: 0.0915
Step 172/3 — Loss: 0.1140
Step 173/3 — Loss: 0.1304
Step 174/3 — Loss: 0.0963
Step 175/3 — Loss: 0.1268
Step 176/3 — Loss: 0.0886
Step 177/3 — Loss: 0.0972
Step 178/3 — Loss: 0.1452
Step 179/3 — Loss: 0.0961
Step 180/3 — Loss: 0.2612
Step 181/3 — Loss: 0.1662
Step 182/3 — Loss: 0.1611
Step 183/3 — Loss: 0.1016
Step 184/3 — Loss: 0.1149
Step 185/3 — Loss: 0.1199
Step 186/3 — Loss: 0.0916
Step 187/3 — Loss: 0.1086
Step 188/3 — Loss: 0.1320
Step 189/3 — Loss: 0.1306
Step 190/3 — Loss: 0.1073
Step 191/3 — Loss: 0.1407
Step 192/3 — Loss: 0.1727
Step 193/3 — Loss: 0.1280
Step 194/3 — Loss: 0.1016
Step 195/3 — Loss: 0.0957
Step 196/3 — Loss: 0.1136
Step 197/3 — Loss: 0.0927
Step 198/3 — Loss: 0.1152
Step 199/3 — Loss: 0.0957
Step 200/3 — Loss: 0.1154

[Step 6] Saving LoRA adapter...
Saved to ./results/adapters/client5
CLIENT 5 DONE — Adapter ready to send to server
[5/5] Running Aggregation Server...
FEDQUANT SERVER — Aggregation Server

[Step 1] Checking client adapters...
client2: found
client3: found
client4: found
client5: found

[Step 2] Loading all adapters into memory...
client2: loaded 128 weight tensors
client3: loaded 128 weight tensors
client4: loaded 128 weight tensors
client5: loaded 128 weight tensors

[Step 3] Mixed-Precision Aggregation...
Target rank: r=8
Layers successfully averaged: 128 out of 128

[Step 4] Saving aggregated adapter...
Saved to ./results/aggregated/

[Step 5] Round Summary...
  Clients aggregated: 4
  Common layers averaged: 128
  Client weights used:
    client2: 0.2 (20%)
    client3: 0.2 (20%)
    client4: 0.3 (30%)
    client5: 0.3 (30%)

==================================================
SERVER ROUND 1 COMPLETE
Aggregated adapter saved to ./results/aggregated/
This adapter can now be sent back to all clients
===============================
Round 1 Complete!
===============================
